<?xml version="1.0" encoding="UTF-8"?>
<testsuites>
  <testsuite name="fastlane.lanes">
    
    
    
      
      <testcase classname="fastlane.lanes" name="0: default_platform" time="0.000332">
        
      </testcase>
    
      
      <testcase classname="fastlane.lanes" name="1: test" time="13.7143445">
        
          <failure message="/usr/share/rvm/gems/ruby-3.0.0/gems/fastlane-2.191.0/fastlane/lib/fastlane/actions/actions_helper.rb:67:in `execute_action&apos;&#10;/usr/share/rvm/gems/ruby-3.0.0/gems/fastlane-2.191.0/fastlane/lib/fastlane/runner.rb:255:in `block in execute_action&apos;&#10;/usr/share/rvm/gems/ruby-3.0.0/gems/fastlane-2.191.0/fastlane/lib/fastlane/runner.rb:229:in `chdir&apos;&#10;/usr/share/rvm/gems/ruby-3.0.0/gems/fastlane-2.191.0/fastlane/lib/fastlane/runner.rb:229:in `execute_action&apos;&#10;/usr/share/rvm/gems/ruby-3.0.0/gems/fastlane-2.191.0/fastlane/lib/fastlane/runner.rb:157:in `trigger_action_by_name&apos;&#10;/usr/share/rvm/gems/ruby-3.0.0/gems/fastlane-2.191.0/fastlane/lib/fastlane/fast_file.rb:159:in `method_missing&apos;&#10;Fastfile:21:in `block (2 levels) in parsing_binding&apos;&#10;/usr/share/rvm/gems/ruby-3.0.0/gems/fastlane-2.191.0/fastlane/lib/fastlane/lane.rb:33:in `call&apos;&#10;/usr/share/rvm/gems/ruby-3.0.0/gems/fastlane-2.191.0/fastlane/lib/fastlane/runner.rb:49:in `block in execute&apos;&#10;/usr/share/rvm/gems/ruby-3.0.0/gems/fastlane-2.191.0/fastlane/lib/fastlane/runner.rb:45:in `chdir&apos;&#10;/usr/share/rvm/gems/ruby-3.0.0/gems/fastlane-2.191.0/fastlane/lib/fastlane/runner.rb:45:in `execute&apos;&#10;/usr/share/rvm/gems/ruby-3.0.0/gems/fastlane-2.191.0/fastlane/lib/fastlane/lane_manager.rb:47:in `cruise_lane&apos;&#10;/usr/share/rvm/gems/ruby-3.0.0/gems/fastlane-2.191.0/fastlane/lib/fastlane/command_line_handler.rb:36:in `handle&apos;&#10;/usr/share/rvm/gems/ruby-3.0.0/gems/fastlane-2.191.0/fastlane/lib/fastlane/commands_generator.rb:109:in `block (2 levels) in run&apos;&#10;/usr/share/rvm/gems/ruby-3.0.0/gems/commander-4.6.0/lib/commander/command.rb:187:in `call&apos;&#10;/usr/share/rvm/gems/ruby-3.0.0/gems/commander-4.6.0/lib/commander/command.rb:157:in `run&apos;&#10;/usr/share/rvm/gems/ruby-3.0.0/gems/commander-4.6.0/lib/commander/runner.rb:444:in `run_active_command&apos;&#10;/usr/share/rvm/gems/ruby-3.0.0/gems/fastlane-2.191.0/fastlane_core/lib/fastlane_core/ui/fastlane_runner.rb:76:in `run!&apos;&#10;/usr/share/rvm/gems/ruby-3.0.0/gems/commander-4.6.0/lib/commander/delegates.rb:18:in `run!&apos;&#10;/usr/share/rvm/gems/ruby-3.0.0/gems/fastlane-2.191.0/fastlane/lib/fastlane/commands_generator.rb:353:in `run&apos;&#10;/usr/share/rvm/gems/ruby-3.0.0/gems/fastlane-2.191.0/fastlane/lib/fastlane/commands_generator.rb:42:in `start&apos;&#10;/usr/share/rvm/gems/ruby-3.0.0/gems/fastlane-2.191.0/fastlane/lib/fastlane/cli_tools_distributor.rb:122:in `take_off&apos;&#10;/usr/share/rvm/gems/ruby-3.0.0/gems/fastlane-2.191.0/bin/fastlane:23:in `&lt;top (required)&gt;&apos;&#10;/usr/share/rvm/gems/ruby-3.0.0/bin/fastlane:23:in `load&apos;&#10;/usr/share/rvm/gems/ruby-3.0.0/bin/fastlane:23:in `&lt;main&gt;&apos;&#10;&#10;Exit status of command &apos;/mnt/c/Workspace/k/android/gradlew test -p .&apos; was 1 instead of 0.&#10;Downloading https://services.gradle.org/distributions/gradle-6.7-all.zip&#10;...............................................................................................................................................................................................................................................................................................................................................................................................................................................................................................................................................................................................................................................................................................................................................................................................................................................................................................................................................................................................................................................................................................................................................................................................................................................................................................................................................................................................................................................................................................................................................................................................................................................................................................................................................................................................................................................................................................................................................................................................................................................................................................................................................................................................................................................................................................................................................................................................................................................................................................................................................................................................................................................................................................................................................................................................................................................................................................................................................................................................................................................................................................................................................................................................................................................................................................................................................................................................................................................................................................................................................................................................................................................................................................................................................................................................................................................................................................................................................................................................................................................................................................................................................................................................................................................................................................................................................................................................................................................................................................................................................................................................................................................................................................................................................................................................................................................................................................................................................................................................................................................................................................................................................................................................................................................................................................................................................................................................................................................................................................................................................................................................................................................................................................................................................................................................................................................................................................................................................................................................................................................................................................................................................................................................................................................................................................................................................................................................................................................................................................................................................................................................................................................................................................................................................................................................................................................................................................................................................................................................................................................................................................................................................................................................................................................................................................................................................................................................................................................................................................................................................................................................................&#10;Unzipping /home/squalex/.gradle/wrapper/dists/gradle-6.7-all/cuy9mc7upwgwgeb72wkcrupxe/gradle-6.7-all.zip to /home/squalex/.gradle/wrapper/dists/gradle-6.7-all/cuy9mc7upwgwgeb72wkcrupxe&#10;Set executable permissions for: /home/squalex/.gradle/wrapper/dists/gradle-6.7-all/cuy9mc7upwgwgeb72wkcrupxe/gradle-6.7/bin/gradle&#10;&#10;Welcome to Gradle 6.7!&#10;&#10;Here are the highlights of this release:&#10; - File system watching is ready for production use&#10; - Declare the version of Java your build requires&#10; - Java 15 support&#10;&#10;For more details see https://docs.gradle.org/6.7/release-notes.html&#10;&#10;Starting a Gradle Daemon (subsequent builds will be faster)&#10;&#10;FAILURE: Build failed with an exception.&#10;&#10;* Where:&#10;Settings file &apos;/mnt/c/Workspace/k/android/settings.gradle&apos; line: 11&#10;&#10;* What went wrong:&#10;A problem occurred evaluating settings &apos;android&apos;.&#10;&gt; java.net.URISyntaxException: Illegal character in opaque part at index 2: C:\flutter/packages/flutter_tools/gradle/app_plugin_loader.gradle&#10;&#10;* Try:&#10;Run with --stacktrace option to get the stack trace. Run with --info or --debug option to get more log output. Run with --scan to get full insights.&#10;&#10;* Get more help at https://help.gradle.org&#10;&#10;BUILD FAILED in 13s&#10;" />
        
      </testcase>
    
  </testsuite>
</testsuites>
